 DEBUG    Beginning run for resource                                                                                                                    
 DEBUG    Using "global" profile                                                                                                                        
 DEBUG    Using multiprocessing with 1                                                                                                                  
 DEBUG    Set up logger for MFA version: 2.2.17                                                                                                         
 DEBUG    Cleaned previous run                                                                                                                          
 DEBUG    There were some differences in the current run compared to the last one. This may cause issues, run with --clean, if you hit an error.        
 DEBUG    Using UNKNOWN                                                                                                                                 
 DEBUG    Loaded dictionary in 2.361 seconds                                                                                                            
 INFO     Setting up corpus information...                                                                                                              
 DEBUG    Could not load from temp                                                                                                                      
 INFO     Loading corpus from source files...                                                                                                           
 DEBUG    Processing queue: 0.02691478000000025                                                                                                         
 DEBUG    Parsed corpus directory with 1 jobs in 0.04748282900000067 seconds                                                                            
 INFO     Found 2 speakers across 14 files, average number of utterances per speaker: 7.0                                                               
 DEBUG    Loaded corpus in 1.095 seconds                                                                                                                
 INFO     Initializing multiprocessing jobs...                                                                                                          
 DEBUG    Initialized jobs in 0.028 seconds                                                                                                             
 INFO     Normalizing text...                                                                                                                           
 DEBUG    Wrote lexicon information in 0.043 seconds                                                                                                    
 INFO     Creating corpus split for feature generation...                                                                                               
 DEBUG    Created corpus split directory in 1.056 seconds                                                                                               
 INFO     Generating MFCCs...                                                                                                                           
 ERROR    There was an error in the run, please see the log.                                                                                            
Exception ignored in atexit callback: <bound method ExitHooks.history_save_handler of <montreal_forced_aligner.command_line.mfa.ExitHooks object at 0x7ff9d518e350>>
Traceback (most recent call last):
  File "/home/ubuntu/miniconda3/envs/mfa/lib/python3.10/site-packages/montreal_forced_aligner/command_line/mfa.py", line 98, in history_save_handler
    raise self.exception
  File "/home/ubuntu/miniconda3/envs/mfa/bin/mfa", line 10, in <module>
    sys.exit(mfa_cli())
  File "/home/ubuntu/miniconda3/envs/mfa/lib/python3.10/site-packages/rich_click/rich_command.py", line 367, in __call__
    return super().__call__(*args, **kwargs)
  File "/home/ubuntu/miniconda3/envs/mfa/lib/python3.10/site-packages/click/core.py", line 1157, in __call__
    return self.main(*args, **kwargs)
  File "/home/ubuntu/miniconda3/envs/mfa/lib/python3.10/site-packages/rich_click/rich_command.py", line 152, in main
    rv = self.invoke(ctx)
  File "/home/ubuntu/miniconda3/envs/mfa/lib/python3.10/site-packages/click/core.py", line 1688, in invoke
    return _process_result(sub_ctx.command.invoke(sub_ctx))
  File "/home/ubuntu/miniconda3/envs/mfa/lib/python3.10/site-packages/click/core.py", line 1434, in invoke
    return ctx.invoke(self.callback, **ctx.params)
  File "/home/ubuntu/miniconda3/envs/mfa/lib/python3.10/site-packages/click/core.py", line 783, in invoke
    return __callback(*args, **kwargs)
  File "/home/ubuntu/miniconda3/envs/mfa/lib/python3.10/site-packages/click/decorators.py", line 33, in new_func
    return f(get_current_context(), *args, **kwargs)
  File "/home/ubuntu/miniconda3/envs/mfa/lib/python3.10/site-packages/montreal_forced_aligner/command_line/align.py", line 113, in align_corpus_cli
    aligner.align()
  File "/home/ubuntu/miniconda3/envs/mfa/lib/python3.10/site-packages/montreal_forced_aligner/alignment/pretrained.py", line 412, in align
    self.setup()
  File "/home/ubuntu/miniconda3/envs/mfa/lib/python3.10/site-packages/montreal_forced_aligner/alignment/pretrained.py", line 205, in setup
    self.load_corpus()
  File "/home/ubuntu/miniconda3/envs/mfa/lib/python3.10/site-packages/montreal_forced_aligner/corpus/acoustic_corpus.py", line 1227, in load_corpus
    self.generate_features()
  File "/home/ubuntu/miniconda3/envs/mfa/lib/python3.10/site-packages/montreal_forced_aligner/corpus/acoustic_corpus.py", line 464, in generate_features
    self.mfcc()
  File "/home/ubuntu/miniconda3/envs/mfa/lib/python3.10/site-packages/montreal_forced_aligner/corpus/acoustic_corpus.py", line 669, in mfcc
    for _ in run_kaldi_function(MfccFunction, arguments, pbar.update):
  File "/home/ubuntu/miniconda3/envs/mfa/lib/python3.10/site-packages/montreal_forced_aligner/utils.py", line 757, in run_kaldi_function
    raise v
montreal_forced_aligner.exceptions.MultiprocessingError: MultiprocessingError:

Job 1 encountered an error:
Traceback (most recent call last):

  File "/home/ubuntu/miniconda3/envs/mfa/lib/python3.10/site-packages/montreal_forced_aligner/abc.py", line 92, in run
    yield from self._run()

  File "/home/ubuntu/miniconda3/envs/mfa/lib/python3.10/site-packages/montreal_forced_aligner/corpus/features.py", line 550, in _run
    mfcc_proc.stdin.write(bio.getvalue())

BrokenPipeError: [Errno 32] Broken pipe
